{
  level: 'info',
  message: '{"logType":"Server notification","logData":"App is running on http://localhost:4000"}',
  timestamp: '2021-12-25T22:25:33.198Z'
}
{
  level: 'info',
  message: '{"logType":"User request","logData":{"request":{"url":"/boards","query parameters":"","request body":{"title":"Autotest board","columns":[{"title":"Backlog","order":1},{"title":"Sprint","order":2}]}},"response":{"status code":201}}}',
  timestamp: '2021-12-25T22:25:45.081Z'
}
{
  level: 'info',
  message: '{"logType":"User request","logData":{"request":{"url":"/boards","query parameters":"","request body":{}},"response":{"status code":200}}}',
  timestamp: '2021-12-25T22:25:45.118Z'
}
{
  level: 'info',
  message: '{"logType":"User request","logData":{"request":{"url":"/boards","query parameters":"","request body":{}},"response":{"status code":200}}}',
  timestamp: '2021-12-25T22:25:45.168Z'
}
{
  level: 'info',
  message: '{"logType":"User request","logData":{"request":{"url":"/boards/934c1829-0235-4c1a-8b45-29daf875e61e","query parameters":"","request body":{}},"response":{"status code":200}}}',
  timestamp: '2021-12-25T22:25:45.175Z'
}
{
  level: 'info',
  message: '{"logType":"User request","logData":{"request":{"url":"/boards","query parameters":"","request body":{"title":"Autotest board","columns":[{"title":"Backlog","order":1},{"title":"Sprint","order":2}]}},"response":{"status code":201}}}',
  timestamp: '2021-12-25T22:25:45.186Z'
}
{
  level: 'info',
  message: '{"logType":"User request","logData":{"request":{"url":"/boards/bf96f588-4dd2-4603-a2df-57f175243291","query parameters":"","request body":{}},"response":{"status code":204}}}',
  timestamp: '2021-12-25T22:25:45.193Z'
}
{
  level: 'info',
  message: '{"logType":"User request","logData":{"request":{"url":"/boards","query parameters":"","request body":{"title":"Autotest board","columns":[{"title":"Backlog","order":1},{"title":"Sprint","order":2}]}},"response":{"status code":201}}}',
  timestamp: '2021-12-25T22:25:45.201Z'
}
{
  level: 'info',
  message: '{"logType":"User request","logData":{"request":{"url":"/boards/a786a1d4-d8f4-4fc1-a4ec-408de3fac351","query parameters":"","request body":{"id":"a786a1d4-d8f4-4fc1-a4ec-408de3fac351","title":"Autotest updated board","columns":[{"id":"432f6c6f-bb9a-4e38-b461-8f87aa53dd4a","title":"Backlog","order":1},{"id":"09559181-c608-4548-9f93-570071cb3360","title":"Sprint","order":2}]}},"response":{"status code":200}}}',
  timestamp: '2021-12-25T22:25:45.209Z'
}
{
  level: 'info',
  message: '{"logType":"User request","logData":{"request":{"url":"/boards/a786a1d4-d8f4-4fc1-a4ec-408de3fac351","query parameters":"","request body":{}},"response":{"status code":200}}}',
  timestamp: '2021-12-25T22:25:45.222Z'
}
{
  level: 'info',
  message: '{"logType":"User request","logData":{"request":{"url":"/boards/a786a1d4-d8f4-4fc1-a4ec-408de3fac351","query parameters":"","request body":{}},"response":{"status code":204}}}',
  timestamp: '2021-12-25T22:25:45.228Z'
}
{
  level: 'info',
  message: '{"logType":"User request","logData":{"request":{"url":"/boards","query parameters":"","request body":{"title":"Autotest board","columns":[{"title":"Backlog","order":1},{"title":"Sprint","order":2}]}},"response":{"status code":201}}}',
  timestamp: '2021-12-25T22:25:45.235Z'
}
{
  level: 'info',
  message: '{"logType":"User request","logData":{"request":{"url":"/boards/95edea5a-f0b7-49c1-b975-442da141731b","query parameters":"","request body":{}},"response":{"status code":204}}}',
  timestamp: '2021-12-25T22:25:45.240Z'
}
{
  level: 'info',
  message: '{"logType":"User request","logData":{"request":{"url":"/boards/95edea5a-f0b7-49c1-b975-442da141731b","query parameters":"","request body":{}},"response":{"status code":404}}}',
  timestamp: '2021-12-25T22:25:45.245Z'
}
{
  level: 'warn',
  message: 'NotFoundError: Board with ID 95edea5a-f0b7-49c1-b975-442da141731b does not existNotFoundError: Board with ID 95edea5a-f0b7-49c1-b975-442da141731b does not exist\n' +
    '    at Object.throw (C:\\Users\\Rustam\\Documents\\cross-check\\test\\nodejs2021Q4-service\\node_modules\\koa\\lib\\context.js:97:11)\n' +
    '    at C:\\Users\\Rustam\\Documents\\cross-check\\test\\nodejs2021Q4-service\\src\\resources\\boards\\board.service.ts:32:14\n' +
    '    at step (C:\\Users\\Rustam\\Documents\\cross-check\\test\\nodejs2021Q4-service\\src\\resources\\boards\\board.service.ts:63:23)\n' +
    '    at Object.next (C:\\Users\\Rustam\\Documents\\cross-check\\test\\nodejs2021Q4-service\\src\\resources\\boards\\board.service.ts:44:53)\n' +
    '    at fulfilled (C:\\Users\\Rustam\\Documents\\cross-check\\test\\nodejs2021Q4-service\\src\\resources\\boards\\board.service.ts:35:58)\n' +
    '    at processTicksAndRejections (node:internal/process/task_queues:96:5)',
  timestamp: '2021-12-25T22:25:45.266Z'
}
{
  level: 'info',
  message: '{"logType":"User request","logData":{"request":{"url":"/boards","query parameters":"","request body":{"title":"Autotest board","columns":[{"title":"Backlog","order":1},{"title":"Sprint","order":2}]}},"response":{"status code":201}}}',
  timestamp: '2021-12-25T22:25:45.292Z'
}
{
  level: 'info',
  message: '{"logType":"User request","logData":{"request":{"url":"/boards/76e671f4-e516-4309-a997-d60ca6a0ebc7/tasks","query parameters":"","request body":{"title":"Task #1","order":1,"description":"Lorem ipsum","boardId":"76e671f4-e516-4309-a997-d60ca6a0ebc7","userId":null,"columnId":null}},"response":{"status code":201}}}',
  timestamp: '2021-12-25T22:25:45.306Z'
}
{
  level: 'info',
  message: '{"logType":"User request","logData":{"request":{"url":"/boards/76e671f4-e516-4309-a997-d60ca6a0ebc7/tasks","query parameters":"","request body":{"title":"Task #3","order":3,"description":"Lorem ipsum","boardId":"76e671f4-e516-4309-a997-d60ca6a0ebc7","userId":null,"columnId":null}},"response":{"status code":201}}}',
  timestamp: '2021-12-25T22:25:45.308Z'
}
{
  level: 'info',
  message: '{"logType":"User request","logData":{"request":{"url":"/boards/76e671f4-e516-4309-a997-d60ca6a0ebc7/tasks","query parameters":"","request body":{"title":"Task #2","order":2,"description":"Lorem ipsum","boardId":"76e671f4-e516-4309-a997-d60ca6a0ebc7","userId":null,"columnId":null}},"response":{"status code":201}}}',
  timestamp: '2021-12-25T22:25:45.311Z'
}
{
  level: 'info',
  message: '{"logType":"User request","logData":{"request":{"url":"/boards/76e671f4-e516-4309-a997-d60ca6a0ebc7/tasks","query parameters":"","request body":{"title":"Task #4","order":4,"description":"Lorem ipsum","boardId":"76e671f4-e516-4309-a997-d60ca6a0ebc7","userId":null,"columnId":null}},"response":{"status code":201}}}',
  timestamp: '2021-12-25T22:25:45.314Z'
}
{
  level: 'info',
  message: '{"logType":"User request","logData":{"request":{"url":"/boards/76e671f4-e516-4309-a997-d60ca6a0ebc7/tasks","query parameters":"","request body":{"title":"Task #5","order":5,"description":"Lorem ipsum","boardId":"76e671f4-e516-4309-a997-d60ca6a0ebc7","userId":null,"columnId":null}},"response":{"status code":201}}}',
  timestamp: '2021-12-25T22:25:45.316Z'
}
{
  level: 'info',
  message: '{"logType":"User request","logData":{"request":{"url":"/boards/76e671f4-e516-4309-a997-d60ca6a0ebc7/tasks/dd538dd4-b93d-428c-83f1-3b61233e56df","query parameters":"","request body":{}},"response":{"status code":200}}}',
  timestamp: '2021-12-25T22:25:45.331Z'
}
{
  level: 'info',
  message: '{"logType":"User request","logData":{"request":{"url":"/boards/76e671f4-e516-4309-a997-d60ca6a0ebc7/tasks/081e5887-dbe8-456f-8bbe-cd7b4846dbb3","query parameters":"","request body":{}},"response":{"status code":200}}}',
  timestamp: '2021-12-25T22:25:45.334Z'
}
{
  level: 'info',
  message: '{"logType":"User request","logData":{"request":{"url":"/boards/76e671f4-e516-4309-a997-d60ca6a0ebc7/tasks/7d782980-ae30-4d5f-9d8d-26ad4a15b7f9","query parameters":"","request body":{}},"response":{"status code":200}}}',
  timestamp: '2021-12-25T22:25:45.336Z'
}
{
  level: 'info',
  message: '{"logType":"User request","logData":{"request":{"url":"/boards/76e671f4-e516-4309-a997-d60ca6a0ebc7/tasks/0f82e0fe-c35d-41b7-a1c7-90e6e6a11028","query parameters":"","request body":{}},"response":{"status code":200}}}',
  timestamp: '2021-12-25T22:25:45.338Z'
}
{
  level: 'info',
  message: '{"logType":"User request","logData":{"request":{"url":"/boards/76e671f4-e516-4309-a997-d60ca6a0ebc7/tasks/315c93f2-cc59-491e-85c7-7469bbfe8823","query parameters":"","request body":{}},"response":{"status code":200}}}',
  timestamp: '2021-12-25T22:25:45.340Z'
}
{
  level: 'info',
  message: '{"logType":"User request","logData":{"request":{"url":"/boards/76e671f4-e516-4309-a997-d60ca6a0ebc7","query parameters":"","request body":{}},"response":{"status code":204}}}',
  timestamp: '2021-12-25T22:25:45.343Z'
}
{
  level: 'info',
  message: '{"logType":"User request","logData":{"request":{"url":"/boards/76e671f4-e516-4309-a997-d60ca6a0ebc7/tasks/dd538dd4-b93d-428c-83f1-3b61233e56df","query parameters":"","request body":{}},"response":{"status code":404}}}',
  timestamp: '2021-12-25T22:25:45.352Z'
}
{
  level: 'warn',
  message: 'NotFoundError: Task with ID dd538dd4-b93d-428c-83f1-3b61233e56df or Board with ID 76e671f4-e516-4309-a997-d60ca6a0ebc7 does not existNotFoundError: Task with ID dd538dd4-b93d-428c-83f1-3b61233e56df or Board with ID 76e671f4-e516-4309-a997-d60ca6a0ebc7 does not exist\n' +
    '    at Object.throw (C:\\Users\\Rustam\\Documents\\cross-check\\test\\nodejs2021Q4-service\\node_modules\\koa\\lib\\context.js:97:11)\n' +
    '    at C:\\Users\\Rustam\\Documents\\cross-check\\test\\nodejs2021Q4-service\\src\\resources\\tasks\\task.service.ts:36:14\n' +
    '    at step (C:\\Users\\Rustam\\Documents\\cross-check\\test\\nodejs2021Q4-service\\src\\resources\\tasks\\task.service.ts:63:23)\n' +
    '    at Object.next (C:\\Users\\Rustam\\Documents\\cross-check\\test\\nodejs2021Q4-service\\src\\resources\\tasks\\task.service.ts:44:53)\n' +
    '    at fulfilled (C:\\Users\\Rustam\\Documents\\cross-check\\test\\nodejs2021Q4-service\\src\\resources\\tasks\\task.service.ts:35:58)\n' +
    '    at processTicksAndRejections (node:internal/process/task_queues:96:5)',
  timestamp: '2021-12-25T22:25:45.355Z'
}
{
  level: 'info',
  message: '{"logType":"User request","logData":{"request":{"url":"/boards/76e671f4-e516-4309-a997-d60ca6a0ebc7/tasks/081e5887-dbe8-456f-8bbe-cd7b4846dbb3","query parameters":"","request body":{}},"response":{"status code":404}}}',
  timestamp: '2021-12-25T22:25:45.358Z'
}
{
  level: 'warn',
  message: 'NotFoundError: Task with ID 081e5887-dbe8-456f-8bbe-cd7b4846dbb3 or Board with ID 76e671f4-e516-4309-a997-d60ca6a0ebc7 does not existNotFoundError: Task with ID 081e5887-dbe8-456f-8bbe-cd7b4846dbb3 or Board with ID 76e671f4-e516-4309-a997-d60ca6a0ebc7 does not exist\n' +
    '    at Object.throw (C:\\Users\\Rustam\\Documents\\cross-check\\test\\nodejs2021Q4-service\\node_modules\\koa\\lib\\context.js:97:11)\n' +
    '    at C:\\Users\\Rustam\\Documents\\cross-check\\test\\nodejs2021Q4-service\\src\\resources\\tasks\\task.service.ts:36:14\n' +
    '    at step (C:\\Users\\Rustam\\Documents\\cross-check\\test\\nodejs2021Q4-service\\src\\resources\\tasks\\task.service.ts:63:23)\n' +
    '    at Object.next (C:\\Users\\Rustam\\Documents\\cross-check\\test\\nodejs2021Q4-service\\src\\resources\\tasks\\task.service.ts:44:53)\n' +
    '    at fulfilled (C:\\Users\\Rustam\\Documents\\cross-check\\test\\nodejs2021Q4-service\\src\\resources\\tasks\\task.service.ts:35:58)\n' +
    '    at processTicksAndRejections (node:internal/process/task_queues:96:5)',
  timestamp: '2021-12-25T22:25:45.359Z'
}
{
  level: 'info',
  message: '{"logType":"User request","logData":{"request":{"url":"/boards/76e671f4-e516-4309-a997-d60ca6a0ebc7/tasks/7d782980-ae30-4d5f-9d8d-26ad4a15b7f9","query parameters":"","request body":{}},"response":{"status code":404}}}',
  timestamp: '2021-12-25T22:25:45.362Z'
}
{
  level: 'warn',
  message: 'NotFoundError: Task with ID 7d782980-ae30-4d5f-9d8d-26ad4a15b7f9 or Board with ID 76e671f4-e516-4309-a997-d60ca6a0ebc7 does not existNotFoundError: Task with ID 7d782980-ae30-4d5f-9d8d-26ad4a15b7f9 or Board with ID 76e671f4-e516-4309-a997-d60ca6a0ebc7 does not exist\n' +
    '    at Object.throw (C:\\Users\\Rustam\\Documents\\cross-check\\test\\nodejs2021Q4-service\\node_modules\\koa\\lib\\context.js:97:11)\n' +
    '    at C:\\Users\\Rustam\\Documents\\cross-check\\test\\nodejs2021Q4-service\\src\\resources\\tasks\\task.service.ts:36:14\n' +
    '    at step (C:\\Users\\Rustam\\Documents\\cross-check\\test\\nodejs2021Q4-service\\src\\resources\\tasks\\task.service.ts:63:23)\n' +
    '    at Object.next (C:\\Users\\Rustam\\Documents\\cross-check\\test\\nodejs2021Q4-service\\src\\resources\\tasks\\task.service.ts:44:53)\n' +
    '    at fulfilled (C:\\Users\\Rustam\\Documents\\cross-check\\test\\nodejs2021Q4-service\\src\\resources\\tasks\\task.service.ts:35:58)\n' +
    '    at processTicksAndRejections (node:internal/process/task_queues:96:5)',
  timestamp: '2021-12-25T22:25:45.363Z'
}
{
  level: 'info',
  message: '{"logType":"User request","logData":{"request":{"url":"/boards/76e671f4-e516-4309-a997-d60ca6a0ebc7/tasks/0f82e0fe-c35d-41b7-a1c7-90e6e6a11028","query parameters":"","request body":{}},"response":{"status code":404}}}',
  timestamp: '2021-12-25T22:25:45.366Z'
}
{
  level: 'warn',
  message: 'NotFoundError: Task with ID 0f82e0fe-c35d-41b7-a1c7-90e6e6a11028 or Board with ID 76e671f4-e516-4309-a997-d60ca6a0ebc7 does not existNotFoundError: Task with ID 0f82e0fe-c35d-41b7-a1c7-90e6e6a11028 or Board with ID 76e671f4-e516-4309-a997-d60ca6a0ebc7 does not exist\n' +
    '    at Object.throw (C:\\Users\\Rustam\\Documents\\cross-check\\test\\nodejs2021Q4-service\\node_modules\\koa\\lib\\context.js:97:11)\n' +
    '    at C:\\Users\\Rustam\\Documents\\cross-check\\test\\nodejs2021Q4-service\\src\\resources\\tasks\\task.service.ts:36:14\n' +
    '    at step (C:\\Users\\Rustam\\Documents\\cross-check\\test\\nodejs2021Q4-service\\src\\resources\\tasks\\task.service.ts:63:23)\n' +
    '    at Object.next (C:\\Users\\Rustam\\Documents\\cross-check\\test\\nodejs2021Q4-service\\src\\resources\\tasks\\task.service.ts:44:53)\n' +
    '    at fulfilled (C:\\Users\\Rustam\\Documents\\cross-check\\test\\nodejs2021Q4-service\\src\\resources\\tasks\\task.service.ts:35:58)\n' +
    '    at processTicksAndRejections (node:internal/process/task_queues:96:5)',
  timestamp: '2021-12-25T22:25:45.367Z'
}
{
  level: 'info',
  message: '{"logType":"User request","logData":{"request":{"url":"/boards/76e671f4-e516-4309-a997-d60ca6a0ebc7/tasks/315c93f2-cc59-491e-85c7-7469bbfe8823","query parameters":"","request body":{}},"response":{"status code":404}}}',
  timestamp: '2021-12-25T22:25:45.370Z'
}
{
  level: 'warn',
  message: 'NotFoundError: Task with ID 315c93f2-cc59-491e-85c7-7469bbfe8823 or Board with ID 76e671f4-e516-4309-a997-d60ca6a0ebc7 does not existNotFoundError: Task with ID 315c93f2-cc59-491e-85c7-7469bbfe8823 or Board with ID 76e671f4-e516-4309-a997-d60ca6a0ebc7 does not exist\n' +
    '    at Object.throw (C:\\Users\\Rustam\\Documents\\cross-check\\test\\nodejs2021Q4-service\\node_modules\\koa\\lib\\context.js:97:11)\n' +
    '    at C:\\Users\\Rustam\\Documents\\cross-check\\test\\nodejs2021Q4-service\\src\\resources\\tasks\\task.service.ts:36:14\n' +
    '    at step (C:\\Users\\Rustam\\Documents\\cross-check\\test\\nodejs2021Q4-service\\src\\resources\\tasks\\task.service.ts:63:23)\n' +
    '    at Object.next (C:\\Users\\Rustam\\Documents\\cross-check\\test\\nodejs2021Q4-service\\src\\resources\\tasks\\task.service.ts:44:53)\n' +
    '    at fulfilled (C:\\Users\\Rustam\\Documents\\cross-check\\test\\nodejs2021Q4-service\\src\\resources\\tasks\\task.service.ts:35:58)\n' +
    '    at processTicksAndRejections (node:internal/process/task_queues:96:5)',
  timestamp: '2021-12-25T22:25:45.371Z'
}
{
  level: 'info',
  message: '{"logType":"User request","logData":{"request":{"url":"/boards/934c1829-0235-4c1a-8b45-29daf875e61e","query parameters":"","request body":{}},"response":{"status code":204}}}',
  timestamp: '2021-12-25T22:25:45.385Z'
}
{
  level: 'info',
  message: '{"logType":"User request","logData":{"request":{"url":"/boards","query parameters":"","request body":{"title":"Autotest board","columns":[{"title":"Backlog","order":1},{"title":"Sprint","order":2}]}},"response":{"status code":201}}}',
  timestamp: '2021-12-25T22:25:45.765Z'
}
{
  level: 'info',
  message: '{"logType":"User request","logData":{"request":{"url":"/boards/be82e4a7-ebd0-4c2f-993a-6af618203884/tasks","query parameters":"","request body":{"title":"Autotest task","order":0,"description":"Lorem ipsum","userId":null,"boardId":null,"columnId":null}},"response":{"status code":201}}}',
  timestamp: '2021-12-25T22:25:45.772Z'
}
{
  level: 'info',
  message: '{"logType":"User request","logData":{"request":{"url":"/boards/be82e4a7-ebd0-4c2f-993a-6af618203884/tasks","query parameters":"","request body":{}},"response":{"status code":200}}}',
  timestamp: '2021-12-25T22:25:45.794Z'
}
{
  level: 'info',
  message: '{"logType":"User request","logData":{"request":{"url":"/boards/be82e4a7-ebd0-4c2f-993a-6af618203884/tasks","query parameters":"","request body":{}},"response":{"status code":200}}}',
  timestamp: '2021-12-25T22:25:45.815Z'
}
{
  level: 'info',
  message: '{"logType":"User request","logData":{"request":{"url":"/boards/be82e4a7-ebd0-4c2f-993a-6af618203884/tasks/e5ab7d74-c816-44ca-8566-2b14f766572d","query parameters":"","request body":{}},"response":{"status code":200}}}',
  timestamp: '2021-12-25T22:25:45.820Z'
}
{
  level: 'info',
  message: '{"logType":"User request","logData":{"request":{"url":"/boards/be82e4a7-ebd0-4c2f-993a-6af618203884/tasks","query parameters":"","request body":{"title":"Autotest task","order":0,"description":"Lorem ipsum","userId":null,"boardId":null,"columnId":null}},"response":{"status code":201}}}',
  timestamp: '2021-12-25T22:25:45.828Z'
}
{
  level: 'info',
  message: '{"logType":"User request","logData":{"request":{"url":"/boards/be82e4a7-ebd0-4c2f-993a-6af618203884/tasks/dd1df9d4-8407-4b65-8c51-bc41b0368da4","query parameters":"","request body":{}},"response":{"status code":204}}}',
  timestamp: '2021-12-25T22:25:45.834Z'
}
{
  level: 'info',
  message: '{"logType":"User request","logData":{"request":{"url":"/boards/be82e4a7-ebd0-4c2f-993a-6af618203884/tasks","query parameters":"","request body":{"title":"Autotest task","order":0,"description":"Lorem ipsum","userId":null,"boardId":null,"columnId":null}},"response":{"status code":201}}}',
  timestamp: '2021-12-25T22:25:45.840Z'
}
{
  level: 'info',
  message: '{"logType":"User request","logData":{"request":{"url":"/boards/be82e4a7-ebd0-4c2f-993a-6af618203884/tasks/fc24c9f4-71ea-4bfa-aec6-a9a558ba3347","query parameters":"","request body":{"id":"fc24c9f4-71ea-4bfa-aec6-a9a558ba3347","title":"Autotest updated task","order":0,"description":"Lorem ipsum","userId":null,"boardId":"be82e4a7-ebd0-4c2f-993a-6af618203884","columnId":null}},"response":{"status code":200}}}',
  timestamp: '2021-12-25T22:25:45.846Z'
}
{
  level: 'info',
  message: '{"logType":"User request","logData":{"request":{"url":"/boards/be82e4a7-ebd0-4c2f-993a-6af618203884/tasks/fc24c9f4-71ea-4bfa-aec6-a9a558ba3347","query parameters":"","request body":{}},"response":{"status code":200}}}',
  timestamp: '2021-12-25T22:25:45.851Z'
}
{
  level: 'info',
  message: '{"logType":"User request","logData":{"request":{"url":"/boards/be82e4a7-ebd0-4c2f-993a-6af618203884/tasks/e5ab7d74-c816-44ca-8566-2b14f766572d","query parameters":"","request body":{}},"response":{"status code":200}}}',
  timestamp: '2021-12-25T22:25:45.857Z'
}
{
  level: 'info',
  message: '{"logType":"User request","logData":{"request":{"url":"/boards/be82e4a7-ebd0-4c2f-993a-6af618203884/tasks/e5ab7d74-c816-44ca-8566-2b14f766572d","query parameters":"","request body":{}},"response":{"status code":204}}}',
  timestamp: '2021-12-25T22:25:45.861Z'
}
{
  level: 'info',
  message: '{"logType":"User request","logData":{"request":{"url":"/boards/be82e4a7-ebd0-4c2f-993a-6af618203884/tasks/e5ab7d74-c816-44ca-8566-2b14f766572d","query parameters":"","request body":{}},"response":{"status code":404}}}',
  timestamp: '2021-12-25T22:25:45.866Z'
}
{
  level: 'warn',
  message: 'NotFoundError: Task with ID e5ab7d74-c816-44ca-8566-2b14f766572d or Board with ID be82e4a7-ebd0-4c2f-993a-6af618203884 does not existNotFoundError: Task with ID e5ab7d74-c816-44ca-8566-2b14f766572d or Board with ID be82e4a7-ebd0-4c2f-993a-6af618203884 does not exist\n' +
    '    at Object.throw (C:\\Users\\Rustam\\Documents\\cross-check\\test\\nodejs2021Q4-service\\node_modules\\koa\\lib\\context.js:97:11)\n' +
    '    at C:\\Users\\Rustam\\Documents\\cross-check\\test\\nodejs2021Q4-service\\src\\resources\\tasks\\task.service.ts:36:14\n' +
    '    at step (C:\\Users\\Rustam\\Documents\\cross-check\\test\\nodejs2021Q4-service\\src\\resources\\tasks\\task.service.ts:63:23)\n' +
    '    at Object.next (C:\\Users\\Rustam\\Documents\\cross-check\\test\\nodejs2021Q4-service\\src\\resources\\tasks\\task.service.ts:44:53)\n' +
    '    at fulfilled (C:\\Users\\Rustam\\Documents\\cross-check\\test\\nodejs2021Q4-service\\src\\resources\\tasks\\task.service.ts:35:58)\n' +
    '    at processTicksAndRejections (node:internal/process/task_queues:96:5)',
  timestamp: '2021-12-25T22:25:45.867Z'
}
{
  level: 'info',
  message: '{"logType":"User request","logData":{"request":{"url":"/boards/be82e4a7-ebd0-4c2f-993a-6af618203884","query parameters":"","request body":{}},"response":{"status code":204}}}',
  timestamp: '2021-12-25T22:25:45.873Z'
}
{
  level: 'info',
  message: '{"logType":"User request","logData":{"request":{"url":"/users","query parameters":"","request body":{}},"response":{"status code":200}}}',
  timestamp: '2021-12-25T22:25:46.281Z'
}
{
  level: 'info',
  message: '{"logType":"User request","logData":{"request":{"url":"/users","query parameters":"","request body":{"name":"TEST_USER","login":"test_user","password":"T35t_P@55w0rd"}},"response":{"status code":201}}}',
  timestamp: '2021-12-25T22:25:46.295Z'
}
{
  level: 'info',
  message: '{"logType":"User request","logData":{"request":{"url":"/users/31046466-a2b0-4def-9063-ccd38e86b443","query parameters":"","request body":{}},"response":{"status code":200}}}',
  timestamp: '2021-12-25T22:25:46.301Z'
}
{
  level: 'info',
  message: '{"logType":"User request","logData":{"request":{"url":"/users/31046466-a2b0-4def-9063-ccd38e86b443","query parameters":"","request body":{}},"response":{"status code":204}}}',
  timestamp: '2021-12-25T22:25:46.306Z'
}
{
  level: 'info',
  message: '{"logType":"User request","logData":{"request":{"url":"/users","query parameters":"","request body":{"name":"TEST_USER","login":"test_user","password":"T35t_P@55w0rd"}},"response":{"status code":201}}}',
  timestamp: '2021-12-25T22:25:46.320Z'
}
{
  level: 'info',
  message: '{"logType":"User request","logData":{"request":{"url":"/users/26c32233-c833-43a4-b321-78e149000e48","query parameters":"","request body":{}},"response":{"status code":204}}}',
  timestamp: '2021-12-25T22:25:46.339Z'
}
{
  level: 'info',
  message: '{"logType":"User request","logData":{"request":{"url":"/users","query parameters":"","request body":{"name":"TEST_USER","login":"test_user","password":"T35t_P@55w0rd"}},"response":{"status code":201}}}',
  timestamp: '2021-12-25T22:25:46.346Z'
}
{
  level: 'info',
  message: '{"logType":"User request","logData":{"request":{"url":"/users/069a64ec-5d15-43e7-80d4-4a9a27002347","query parameters":"","request body":{"name":"Autotest updated TEST_USER","login":"test_user","password":"T35t_P@55w0rd","id":"069a64ec-5d15-43e7-80d4-4a9a27002347"}},"response":{"status code":200}}}',
  timestamp: '2021-12-25T22:25:46.351Z'
}
{
  level: 'info',
  message: '{"logType":"User request","logData":{"request":{"url":"/users/069a64ec-5d15-43e7-80d4-4a9a27002347","query parameters":"","request body":{}},"response":{"status code":200}}}',
  timestamp: '2021-12-25T22:25:46.357Z'
}
{
  level: 'info',
  message: '{"logType":"User request","logData":{"request":{"url":"/users/069a64ec-5d15-43e7-80d4-4a9a27002347","query parameters":"","request body":{}},"response":{"status code":204}}}',
  timestamp: '2021-12-25T22:25:46.362Z'
}
{
  level: 'info',
  message: '{"logType":"User request","logData":{"request":{"url":"/users","query parameters":"","request body":{"name":"TEST_USER","login":"test_user","password":"T35t_P@55w0rd"}},"response":{"status code":201}}}',
  timestamp: '2021-12-25T22:25:46.368Z'
}
{
  level: 'info',
  message: '{"logType":"User request","logData":{"request":{"url":"/users/b4a69bce-291e-4f6d-a3c9-02fb08759516","query parameters":"","request body":{}},"response":{"status code":204}}}',
  timestamp: '2021-12-25T22:25:46.371Z'
}
{
  level: 'info',
  message: '{"logType":"User request","logData":{"request":{"url":"/users","query parameters":"","request body":{"name":"TEST_USER","login":"test_user","password":"T35t_P@55w0rd"}},"response":{"status code":201}}}',
  timestamp: '2021-12-25T22:25:46.380Z'
}
{
  level: 'info',
  message: '{"logType":"User request","logData":{"request":{"url":"/boards","query parameters":"","request body":{"title":"Autotest board","columns":[{"title":"Backlog","order":1},{"title":"Sprint","order":2}]}},"response":{"status code":201}}}',
  timestamp: '2021-12-25T22:25:46.385Z'
}
{
  level: 'info',
  message: '{"logType":"User request","logData":{"request":{"url":"/boards/06a625bd-67fb-4fba-aafc-50b962711721/tasks","query parameters":"","request body":{"title":"Task #1","order":1,"description":"Lorem ipsum","userId":"3c7f2dd3-e00b-41ef-ae29-a87d6dab8f6d","boardId":"06a625bd-67fb-4fba-aafc-50b962711721"}},"response":{"status code":201}}}',
  timestamp: '2021-12-25T22:25:46.393Z'
}
{
  level: 'info',
  message: '{"logType":"User request","logData":{"request":{"url":"/boards/06a625bd-67fb-4fba-aafc-50b962711721/tasks","query parameters":"","request body":{"title":"Task #2","order":2,"description":"Lorem ipsum","userId":"3c7f2dd3-e00b-41ef-ae29-a87d6dab8f6d","boardId":"06a625bd-67fb-4fba-aafc-50b962711721"}},"response":{"status code":201}}}',
  timestamp: '2021-12-25T22:25:46.396Z'
}
{
  level: 'info',
  message: '{"logType":"User request","logData":{"request":{"url":"/users/3c7f2dd3-e00b-41ef-ae29-a87d6dab8f6d","query parameters":"","request body":{}},"response":{"status code":204}}}',
  timestamp: '2021-12-25T22:25:46.399Z'
}
{
  level: 'info',
  message: '{"logType":"User request","logData":{"request":{"url":"/boards/06a625bd-67fb-4fba-aafc-50b962711721/tasks/9a86071a-1692-45db-8c0d-04426ec13c45","query parameters":"","request body":{}},"response":{"status code":200}}}',
  timestamp: '2021-12-25T22:25:46.404Z'
}
{
  level: 'info',
  message: '{"logType":"User request","logData":{"request":{"url":"/boards/06a625bd-67fb-4fba-aafc-50b962711721/tasks/66fd6fe8-b130-4d3b-a773-581351477071","query parameters":"","request body":{}},"response":{"status code":200}}}',
  timestamp: '2021-12-25T22:25:46.410Z'
}
{
  level: 'info',
  message: '{"logType":"User request","logData":{"request":{"url":"/boards/06a625bd-67fb-4fba-aafc-50b962711721/tasks/9a86071a-1692-45db-8c0d-04426ec13c45","query parameters":"","request body":{}},"response":{"status code":204}}}',
  timestamp: '2021-12-25T22:25:46.414Z'
}
{
  level: 'info',
  message: '{"logType":"User request","logData":{"request":{"url":"/boards/06a625bd-67fb-4fba-aafc-50b962711721/tasks/66fd6fe8-b130-4d3b-a773-581351477071","query parameters":"","request body":{}},"response":{"status code":204}}}',
  timestamp: '2021-12-25T22:25:46.416Z'
}
{
  level: 'info',
  message: '{"logType":"User request","logData":{"request":{"url":"/boards/06a625bd-67fb-4fba-aafc-50b962711721","query parameters":"","request body":{}},"response":{"status code":204}}}',
  timestamp: '2021-12-25T22:25:46.419Z'
}
